(MainThread) 210620_21:44:01.565 ERROR wrapper.py:56 ERROR -1 2104 Market data farm connection is OK:usfuture
(MainThread) 210620_21:44:01.565 ERROR wrapper.py:56 ERROR -1 2104 Market data farm connection is OK:usfarm
(MainThread) 210620_21:44:01.565 ERROR wrapper.py:56 ERROR -1 2106 HMDS data farm connection is OK:euhmds
(MainThread) 210620_21:44:01.566 ERROR wrapper.py:56 ERROR -1 2106 HMDS data farm connection is OK:cashhmds
(MainThread) 210620_21:44:01.566 ERROR wrapper.py:56 ERROR -1 2106 HMDS data farm connection is OK:fundfarm
(MainThread) 210620_21:44:01.566 ERROR wrapper.py:56 ERROR -1 2106 HMDS data farm connection is OK:ushmds
(MainThread) 210620_21:44:01.569 ERROR wrapper.py:56 ERROR -1 2158 Sec-def data farm connection is OK:secdefil
(MainThread) 210620_21:44:07.736 ERROR wrapper.py:56 ERROR 93 2168 Warning: The 'EtradeOnly' order attribute is not supported.
(MainThread) 210620_21:44:07.736 ERROR wrapper.py:56 ERROR 93 2169 Warning: The 'FirmQuoteOnly' order attribute is not supported.
(MainThread) 210620_21:44:12.301 ERROR wrapper.py:56 ERROR 94 2168 Warning: The 'EtradeOnly' order attribute is not supported.
(MainThread) 210620_21:44:12.302 ERROR wrapper.py:56 ERROR 94 2169 Warning: The 'FirmQuoteOnly' order attribute is not supported.
(MainThread) 210620_21:44:15.233 ERROR wrapper.py:56 ERROR 95 2168 Warning: The 'EtradeOnly' order attribute is not supported.
(MainThread) 210620_21:44:15.233 ERROR wrapper.py:56 ERROR 95 2169 Warning: The 'FirmQuoteOnly' order attribute is not supported.
(MainThread) 210620_21:44:15.234 ERROR wrapper.py:56 ERROR 96 2168 Warning: The 'EtradeOnly' order attribute is not supported.
(MainThread) 210620_21:44:15.235 ERROR wrapper.py:56 ERROR 96 2169 Warning: The 'FirmQuoteOnly' order attribute is not supported.
(MainThread) 210620_21:44:16.743 ERROR wrapper.py:56 ERROR 97 2168 Warning: The 'EtradeOnly' order attribute is not supported.
(MainThread) 210620_21:44:16.744 ERROR wrapper.py:56 ERROR 97 2169 Warning: The 'FirmQuoteOnly' order attribute is not supported.
(MainThread) 210620_21:44:16.744 ERROR wrapper.py:56 ERROR 98 2168 Warning: The 'EtradeOnly' order attribute is not supported.
(MainThread) 210620_21:44:16.744 ERROR wrapper.py:56 ERROR 98 2169 Warning: The 'FirmQuoteOnly' order attribute is not supported.
(MainThread) 210620_21:44:17.317 ERROR wrapper.py:56 ERROR 99 2168 Warning: The 'EtradeOnly' order attribute is not supported.
(MainThread) 210620_21:44:17.317 ERROR wrapper.py:56 ERROR 99 2169 Warning: The 'FirmQuoteOnly' order attribute is not supported.
